<?xml version="1.0" encoding="UTF-8"?>
<!-- Generated by org.testng.reporters.JUnitReportReporter -->
<testsuite skipped="0" hostname="malhi-PC" name="TestCases.Rating_PageTestCase" tests="1" failures="0" timestamp="20 Dec 2019 09:24:13 GMT" time="0.173" errors="0">
  <testcase name="click_rating" time="0.173" classname="TestCases.Rating_PageTestCase"/>
</testsuite> <!-- TestCases.Rating_PageTestCase -->
