<?xml version="1.0" encoding="UTF-8"?>
<!-- Generated by org.testng.reporters.JUnitReportReporter -->
<testsuite skipped="0" hostname="malhi-PC" name="TestCases.Single_Prod_TestCase" tests="1" failures="0" timestamp="20 Dec 2019 11:37:21 GMT" time="9.450" errors="0">
  <testcase name="addProdToCart" time="9.450" classname="TestCases.Single_Prod_TestCase"/>
</testsuite> <!-- TestCases.Single_Prod_TestCase -->
