<?xml version="1.0" encoding="UTF-8"?>
<!-- Generated by org.testng.reporters.JUnitReportReporter -->
<testsuite skipped="0" hostname="malhi-PC" name="TestCases.HomePageTestCase" tests="1" failures="0" timestamp="20 Dec 2019 12:15:31 GMT" time="12.176" errors="0">
  <testcase name="choose_Product_FromHome" time="12.176" classname="TestCases.HomePageTestCase"/>
</testsuite> <!-- TestCases.HomePageTestCase -->
